<?xml version="1.0" encoding="UTF-8"?>
<!-- Generated by org.testng.reporters.JUnitReportReporter -->
<testsuite hostname="ASUS-VIVOS15" failures="0" tests="4" name="com.Flipkart.ECommerceTest" time="32.875" errors="0" timestamp="2023-12-27T11:50:46 IST" skipped="0">
  <testcase classname="com.Flipkart.ECommerceTest" name="verifyFlipkartPresence" time="0.839"/>
  <testcase classname="com.Flipkart.ECommerceTest" name="SearchText" time="20.932"/>
  <testcase classname="com.Flipkart.ECommerceTest" name="NavigateResult" time="6.516"/>
  <testcase classname="com.Flipkart.ECommerceTest" name="clickOnAddToCartAndVerify" time="4.588"/>
</testsuite> <!-- com.Flipkart.ECommerceTest -->
